<?xml version="1.0" encoding="UTF-8"?>
<!-- Generated by org.testng.reporters.JUnitXMLReporter -->
<testsuite ignored="0" hostname="Ajith" failures="0" tests="4" name="Test" time="22.418" errors="0" timestamp="2026-04-15T08:15:16 IST">
  <testcase classname="tests.LoginLogoutTest" name="loginLogoutMethod" time="6.575"/>
  <testcase classname="tests.AddItemsToCartTest" name="loginTest" time="9.828"/>
  <testcase classname="tests.CompleteFlowTest" name="loginTest" time="18.281"/>
  <testcase classname="tests.EndToEndTest" name="loginTest" time="18.072"/>
</testsuite> <!-- Test -->
