<?xml version="1.0" encoding="UTF-8"?>
<testng-results ignored="0" total="4" passed="4" failed="0" skipped="0">
  <reporter-output>
  </reporter-output>
  <suite started-at="2026-04-15T08:14:54 IST" name="Suite" finished-at="2026-04-15T08:15:16 IST" duration-ms="22418">
    <groups>
    </groups>
    <test started-at="2026-04-15T08:14:54 IST" name="Test" finished-at="2026-04-15T08:15:16 IST" duration-ms="22418">
      <class name="tests.AddItemsToCartTest">
        <test-method is-config="true" signature="setupReport()[pri:0, instance:tests.AddItemsToCartTest@46e8a539]" started-at="2026-04-15T08:14:54 IST" name="setupReport" finished-at="2026-04-15T08:14:54 IST" duration-ms="195" status="PASS">
          <reporter-output>
          </reporter-output>
        </test-method> <!-- setupReport -->
        <test-method is-config="true" signature="beforeMethod(org.testng.ITestContext)[pri:0, instance:tests.AddItemsToCartTest@46e8a539]" started-at="2026-04-15T08:14:54 IST" name="beforeMethod" finished-at="2026-04-15T08:14:56 IST" duration-ms="2276" status="PASS">
          <params>
            <param index="0">
              <value>
                <![CDATA[org.testng.TestRunner@71a9b4c7]]>
              </value>
            </param>
          </params>
          <reporter-output>
          </reporter-output>
        </test-method> <!-- beforeMethod -->
        <test-method signature="loginTest()[pri:0, instance:tests.AddItemsToCartTest@46e8a539]" started-at="2026-04-15T08:14:56 IST" name="loginTest" finished-at="2026-04-15T08:15:06 IST" duration-ms="9828" status="PASS">
          <reporter-output>
          </reporter-output>
        </test-method> <!-- loginTest -->
        <test-method is-config="true" signature="tearDownTest(org.testng.ITestResult)[pri:0, instance:tests.AddItemsToCartTest@46e8a539]" started-at="2026-04-15T08:15:06 IST" name="tearDownTest" finished-at="2026-04-15T08:15:06 IST" duration-ms="242" status="PASS">
          <params>
            <param index="0">
              <value>
                <![CDATA[[TestResult name=loginTest status=SUCCESS method=AddItemsToCartTest.loginTest()[pri:0, instance:tests.AddItemsToCartTest@46e8a539] output={null}]]]>
              </value>
            </param>
          </params>
          <reporter-output>
          </reporter-output>
        </test-method> <!-- tearDownTest -->
        <test-method is-config="true" signature="closeReport()[pri:0, instance:tests.AddItemsToCartTest@46e8a539]" started-at="2026-04-15T08:15:06 IST" name="closeReport" finished-at="2026-04-15T08:15:06 IST" duration-ms="56" status="PASS">
          <reporter-output>
          </reporter-output>
        </test-method> <!-- closeReport -->
      </class> <!-- tests.AddItemsToCartTest -->
      <class name="tests.LoginLogoutTest">
        <test-method is-config="true" signature="setupReport()[pri:0, instance:tests.LoginLogoutTest@47da3952]" started-at="2026-04-15T08:14:54 IST" name="setupReport" finished-at="2026-04-15T08:14:54 IST" duration-ms="195" status="PASS">
          <reporter-output>
          </reporter-output>
        </test-method> <!-- setupReport -->
        <test-method is-config="true" signature="beforeMethod(org.testng.ITestContext)[pri:0, instance:tests.LoginLogoutTest@47da3952]" started-at="2026-04-15T08:14:54 IST" name="beforeMethod" finished-at="2026-04-15T08:14:57 IST" duration-ms="3245" status="PASS">
          <params>
            <param index="0">
              <value>
                <![CDATA[org.testng.TestRunner@71a9b4c7]]>
              </value>
            </param>
          </params>
          <reporter-output>
          </reporter-output>
        </test-method> <!-- beforeMethod -->
        <test-method signature="loginLogoutMethod()[pri:0, instance:tests.LoginLogoutTest@47da3952]" started-at="2026-04-15T08:14:57 IST" name="loginLogoutMethod" finished-at="2026-04-15T08:15:04 IST" duration-ms="6575" status="PASS">
          <reporter-output>
          </reporter-output>
        </test-method> <!-- loginLogoutMethod -->
        <test-method is-config="true" signature="tearDownTest(org.testng.ITestResult)[pri:0, instance:tests.LoginLogoutTest@47da3952]" started-at="2026-04-15T08:15:04 IST" name="tearDownTest" finished-at="2026-04-15T08:15:04 IST" duration-ms="227" status="PASS">
          <params>
            <param index="0">
              <value>
                <![CDATA[[TestResult name=loginLogoutMethod status=SUCCESS method=LoginLogoutTest.loginLogoutMethod()[pri:0, instance:tests.LoginLogoutTest@47da3952] output={null}]]]>
              </value>
            </param>
          </params>
          <reporter-output>
          </reporter-output>
        </test-method> <!-- tearDownTest -->
        <test-method is-config="true" signature="closeReport()[pri:0, instance:tests.LoginLogoutTest@47da3952]" started-at="2026-04-15T08:15:04 IST" name="closeReport" finished-at="2026-04-15T08:15:04 IST" duration-ms="360" status="PASS">
          <reporter-output>
          </reporter-output>
        </test-method> <!-- closeReport -->
      </class> <!-- tests.LoginLogoutTest -->
      <class name="tests.CompleteFlowTest">
        <test-method is-config="true" signature="setupReport()[pri:0, instance:tests.CompleteFlowTest@51e4ccb3]" started-at="2026-04-15T08:14:54 IST" name="setupReport" finished-at="2026-04-15T08:14:54 IST" duration-ms="195" status="PASS">
          <reporter-output>
          </reporter-output>
        </test-method> <!-- setupReport -->
        <test-method is-config="true" signature="beforeMethod(org.testng.ITestContext)[pri:0, instance:tests.CompleteFlowTest@51e4ccb3]" started-at="2026-04-15T08:14:54 IST" name="beforeMethod" finished-at="2026-04-15T08:14:56 IST" duration-ms="2293" status="PASS">
          <params>
            <param index="0">
              <value>
                <![CDATA[org.testng.TestRunner@71a9b4c7]]>
              </value>
            </param>
          </params>
          <reporter-output>
          </reporter-output>
        </test-method> <!-- beforeMethod -->
        <test-method signature="loginTest()[pri:0, instance:tests.CompleteFlowTest@51e4ccb3]" started-at="2026-04-15T08:14:56 IST" name="loginTest" finished-at="2026-04-15T08:15:14 IST" duration-ms="18281" status="PASS">
          <reporter-output>
          </reporter-output>
        </test-method> <!-- loginTest -->
        <test-method is-config="true" signature="tearDownTest(org.testng.ITestResult)[pri:0, instance:tests.CompleteFlowTest@51e4ccb3]" started-at="2026-04-15T08:15:14 IST" name="tearDownTest" finished-at="2026-04-15T08:15:15 IST" duration-ms="596" status="PASS">
          <params>
            <param index="0">
              <value>
                <![CDATA[[TestResult name=loginTest status=SUCCESS method=CompleteFlowTest.loginTest()[pri:0, instance:tests.CompleteFlowTest@51e4ccb3] output={null}]]]>
              </value>
            </param>
          </params>
          <reporter-output>
          </reporter-output>
        </test-method> <!-- tearDownTest -->
        <test-method is-config="true" signature="closeReport()[pri:0, instance:tests.CompleteFlowTest@51e4ccb3]" started-at="2026-04-15T08:15:15 IST" name="closeReport" finished-at="2026-04-15T08:15:15 IST" duration-ms="74" status="PASS">
          <reporter-output>
          </reporter-output>
        </test-method> <!-- closeReport -->
      </class> <!-- tests.CompleteFlowTest -->
      <class name="tests.EndToEndTest">
        <test-method is-config="true" signature="setupReport()[pri:0, instance:tests.EndToEndTest@7c22d4f]" started-at="2026-04-15T08:14:54 IST" name="setupReport" finished-at="2026-04-15T08:14:54 IST" duration-ms="195" status="PASS">
          <reporter-output>
          </reporter-output>
        </test-method> <!-- setupReport -->
        <test-method is-config="true" signature="beforeMethod(org.testng.ITestContext)[pri:0, instance:tests.EndToEndTest@7c22d4f]" started-at="2026-04-15T08:14:54 IST" name="beforeMethod" finished-at="2026-04-15T08:14:58 IST" duration-ms="3784" status="PASS">
          <params>
            <param index="0">
              <value>
                <![CDATA[org.testng.TestRunner@71a9b4c7]]>
              </value>
            </param>
          </params>
          <reporter-output>
          </reporter-output>
        </test-method> <!-- beforeMethod -->
        <test-method signature="loginTest()[pri:0, instance:tests.EndToEndTest@7c22d4f]" started-at="2026-04-15T08:14:58 IST" name="loginTest" finished-at="2026-04-15T08:15:16 IST" duration-ms="18072" status="PASS">
          <reporter-output>
          </reporter-output>
        </test-method> <!-- loginTest -->
        <test-method is-config="true" signature="tearDownTest(org.testng.ITestResult)[pri:0, instance:tests.EndToEndTest@7c22d4f]" started-at="2026-04-15T08:15:16 IST" name="tearDownTest" finished-at="2026-04-15T08:15:16 IST" duration-ms="272" status="PASS">
          <params>
            <param index="0">
              <value>
                <![CDATA[[TestResult name=loginTest status=SUCCESS method=EndToEndTest.loginTest()[pri:0, instance:tests.EndToEndTest@7c22d4f] output={null}]]]>
              </value>
            </param>
          </params>
          <reporter-output>
          </reporter-output>
        </test-method> <!-- tearDownTest -->
        <test-method is-config="true" signature="closeReport()[pri:0, instance:tests.EndToEndTest@7c22d4f]" started-at="2026-04-15T08:15:16 IST" name="closeReport" finished-at="2026-04-15T08:15:16 IST" duration-ms="46" status="PASS">
          <reporter-output>
          </reporter-output>
        </test-method> <!-- closeReport -->
      </class> <!-- tests.EndToEndTest -->
    </test> <!-- Test -->
  </suite> <!-- Suite -->
</testng-results>
